2025-03-28 15:09:57.067044 - Received CBT.V508.FILE087.PDS from FILE087.XMI 
2025-03-28 15:09:57.069888 - Found $$$#DATE.txt (text/plain) in CBT.V508.FILE087.PDS, moved to PDS/$$$#DATE
2025-03-28 15:09:57.071447 - Found $$$INDEX.txt (text/plain) in CBT.V508.FILE087.PDS, moved to PDS/$$$INDEX
2025-03-28 15:09:57.072005 - Found $INSTALL.txt (text/plain) in CBT.V508.FILE087.PDS, moved to PDS/$INSTALL
2025-03-28 15:09:57.072516 - Found $MRMCBT.jcl (text/plain) in CBT.V508.FILE087.PDS, moved to PDS/$MRMCBT
2025-03-28 15:09:57.072991 - Found @FILE087.txt (text/plain) in CBT.V508.FILE087.PDS, moved to PDS/@FILE087
2025-03-28 15:09:57.073478 - Found BATSCAN.jcl (text/plain) in CBT.V508.FILE087.PDS, moved to PDS/BATSCAN
2025-03-28 15:09:57.073934 - Found CLEAR.jcl (text/plain) in CBT.V508.FILE087.PDS, moved to PDS/CLEAR
2025-03-28 15:09:57.074405 - Found CLOGC.txt (text/plain) in CBT.V508.FILE087.PDS, moved to PDS/CLOGC
2025-03-28 15:09:57.074979 - Found CLOGDW.txt (text/plain) in CBT.V508.FILE087.PDS, moved to PDS/CLOGDW
2025-03-28 15:09:57.075495 - Found CLOGEA.txt (text/plain) in CBT.V508.FILE087.PDS, moved to PDS/CLOGEA
2025-03-28 15:09:57.076020 - Found CLOGEC.txt (text/plain) in CBT.V508.FILE087.PDS, moved to PDS/CLOGEC
2025-03-28 15:09:57.076573 - Found CLOGMAIN.txt (text/plain) in CBT.V508.FILE087.PDS, moved to PDS/CLOGMAIN
2025-03-28 15:09:57.077099 - Found CLOGSA.txt (text/plain) in CBT.V508.FILE087.PDS, moved to PDS/CLOGSA
2025-03-28 15:09:57.077882 - Found CLOGSC1.txt (text/plain) in CBT.V508.FILE087.PDS, moved to PDS/CLOGSC1
2025-03-28 15:09:57.078599 - Found CLOGSC2.txt (text/plain) in CBT.V508.FILE087.PDS, moved to PDS/CLOGSC2
2025-03-28 15:09:57.079170 - Found CLOGSC3.txt (text/plain) in CBT.V508.FILE087.PDS, moved to PDS/CLOGSC3
2025-03-28 15:09:57.079656 - Found ISRUTIL.txt (text/plain) in CBT.V508.FILE087.PDS, moved to PDS/ISRUTIL
2025-03-28 15:09:57.080507 - Found LOGASMCL.jcl (text/plain) in CBT.V508.FILE087.PDS, moved to PDS/LOGASMCL
2025-03-28 15:09:57.082937 - Found LOGC.txt (text/plain) in CBT.V508.FILE087.PDS, moved to PDS/LOGC
2025-03-28 15:09:57.083488 - Found LOGCH.txt (text/plain) in CBT.V508.FILE087.PDS, moved to PDS/LOGCH
2025-03-28 15:09:57.084800 - Found LOGCMDS.txt (text/plain) in CBT.V508.FILE087.PDS, moved to PDS/LOGCMDS
2025-03-28 15:09:57.085310 - Found LOGDDH.txt (text/plain) in CBT.V508.FILE087.PDS, moved to PDS/LOGDDH
2025-03-28 15:09:57.085825 - Found LOGDDH2.txt (text/plain) in CBT.V508.FILE087.PDS, moved to PDS/LOGDDH2
2025-03-28 15:09:57.086282 - Found LOGDDH3.txt (text/plain) in CBT.V508.FILE087.PDS, moved to PDS/LOGDDH3
2025-03-28 15:09:57.086780 - Found LOGDDH4.txt (text/plain) in CBT.V508.FILE087.PDS, moved to PDS/LOGDDH4
2025-03-28 15:09:57.087510 - Found LOGDW.txt (text/plain) in CBT.V508.FILE087.PDS, moved to PDS/LOGDW
2025-03-28 15:09:57.088550 - Found LOGDWH.txt (text/plain) in CBT.V508.FILE087.PDS, moved to PDS/LOGDWH
2025-03-28 15:09:57.089369 - Found LOGDWH2.txt (text/plain) in CBT.V508.FILE087.PDS, moved to PDS/LOGDWH2
2025-03-28 15:09:57.090066 - Found LOGE.txt (text/plain) in CBT.V508.FILE087.PDS, moved to PDS/LOGE
2025-03-28 15:09:57.090763 - Found LOGEA.txt (text/plain) in CBT.V508.FILE087.PDS, moved to PDS/LOGEA
2025-03-28 15:09:57.091439 - Found LOGEAH.txt (text/plain) in CBT.V508.FILE087.PDS, moved to PDS/LOGEAH
2025-03-28 15:09:57.092395 - Found LOGEH.txt (text/plain) in CBT.V508.FILE087.PDS, moved to PDS/LOGEH
2025-03-28 15:09:57.093298 - Found LOGMAIN.txt (text/plain) in CBT.V508.FILE087.PDS, moved to PDS/LOGMAIN
2025-03-28 15:09:57.094312 - Found LOGMAINH.txt (text/plain) in CBT.V508.FILE087.PDS, moved to PDS/LOGMAINH
2025-03-28 15:09:57.094838 - Found LOGMAINT.txt (text/plain) in CBT.V508.FILE087.PDS, moved to PDS/LOGMAINT
2025-03-28 15:09:57.095336 - Found LOGSA.txt (text/plain) in CBT.V508.FILE087.PDS, moved to PDS/LOGSA
2025-03-28 15:09:57.095841 - Found LOGSAH.txt (text/plain) in CBT.V508.FILE087.PDS, moved to PDS/LOGSAH
2025-03-28 15:09:57.096298 - Found LOGSAH2.txt (text/plain) in CBT.V508.FILE087.PDS, moved to PDS/LOGSAH2
2025-03-28 15:09:57.096854 - Found LOGSC.txt (text/plain) in CBT.V508.FILE087.PDS, moved to PDS/LOGSC
2025-03-28 15:09:57.097398 - Found LOGSCAN.txt (text/plain) in CBT.V508.FILE087.PDS, moved to PDS/LOGSCAN
2025-03-28 15:09:57.098112 - Found LOGSCH.txt (text/plain) in CBT.V508.FILE087.PDS, moved to PDS/LOGSCH
2025-03-28 15:09:57.098607 - Found LOGSCH1.txt (text/plain) in CBT.V508.FILE087.PDS, moved to PDS/LOGSCH1
2025-03-28 15:09:57.099113 - Found LOGSCH2.txt (text/plain) in CBT.V508.FILE087.PDS, moved to PDS/LOGSCH2
2025-03-28 15:09:57.099513 - Found LOGSCH3.txt (text/plain) in CBT.V508.FILE087.PDS, moved to PDS/LOGSCH3
2025-03-28 15:09:57.100085 - Found LOGSC2.txt (text/plain) in CBT.V508.FILE087.PDS, moved to PDS/LOGSC2
2025-03-28 15:09:57.100601 - Found LOGV01.txt (text/plain) in CBT.V508.FILE087.PDS, moved to PDS/LOGV01
2025-03-28 15:09:57.101118 - Found OPTEJCL.jcl (text/plain) in CBT.V508.FILE087.PDS, moved to PDS/OPTEJCL
2025-03-28 15:09:57.104814 - Found OPTIONE.jcl (text/plain) in CBT.V508.FILE087.PDS, moved to PDS/OPTIONE
2025-03-28 15:09:57.105346 - Found POSTPROC.jcl (text/plain) in CBT.V508.FILE087.PDS, moved to PDS/POSTPROC
2025-03-28 15:09:57.105997 - Found PRINTLOG.jcl (text/plain) in CBT.V508.FILE087.PDS, moved to PDS/PRINTLOG
2025-03-28 15:09:57.107365 - Found PROC.jcl (text/plain) in CBT.V508.FILE087.PDS, moved to PDS/PROC
2025-03-28 15:09:57.108504 - Found RANGE.jcl (text/plain) in CBT.V508.FILE087.PDS, moved to PDS/RANGE
2025-03-28 15:09:57.109693 - Found SLOGC.txt (text/plain) in CBT.V508.FILE087.PDS, moved to PDS/SLOGC
2025-03-28 15:09:57.110628 - Found SLOGDW.txt (text/plain) in CBT.V508.FILE087.PDS, moved to PDS/SLOGDW
2025-03-28 15:09:57.111588 - Found SLOGEA.txt (text/plain) in CBT.V508.FILE087.PDS, moved to PDS/SLOGEA
2025-03-28 15:09:57.112514 - Found SLOGSA.txt (text/plain) in CBT.V508.FILE087.PDS, moved to PDS/SLOGSA
2025-03-28 15:09:57.114608 - Found SLOGSC2.txt (text/plain) in CBT.V508.FILE087.PDS, moved to PDS/SLOGSC2
2025-03-28 15:09:57.115538 - Found SLOGTMP.txt (text/plain) in CBT.V508.FILE087.PDS, moved to PDS/SLOGTMP
2025-03-28 15:09:57.116149 - Found SOPENTRY.txt (text/plain) in CBT.V508.FILE087.PDS, moved to PDS/SOPENTRY
2025-03-28 15:09:57.116671 - Found SYSLOGD.txt (text/plain) in CBT.V508.FILE087.PDS, moved to PDS/SYSLOGD
